This file contains any messages produced by compilers while
running configure, to aid debugging if configure makes a mistake.

It was created by PHASEX configure dev-m2, which was
generated by GNU Autoconf 2.65.  Invocation command line was

  $ ./configure --prefix=/usr --enable-arch=core2 --enable-debug=-g

## --------- ##
## Platform. ##
## --------- ##

hostname = m4
uname -m = x86_64
uname -r = 2.6.39.2rt
uname -s = Linux
uname -v = #5 SMP PREEMPT Fri Jun 24 20:13:52 CEST 2011

/usr/bin/uname -p = unknown
/bin/uname -X     = unknown

/bin/arch              = unknown
/usr/bin/arch -k       = unknown
/usr/convex/getsysinfo = unknown
/usr/bin/hostinfo      = unknown
/bin/machine           = unknown
/usr/bin/oslevel       = unknown
/bin/universe          = unknown

PATH: /home/ad/bin
PATH: /usr/local/sbin
PATH: /usr/local/bin
PATH: /usr/sbin
PATH: /usr/bin
PATH: /sbin
PATH: /bin
PATH: /usr/games


## ----------- ##
## Core tests. ##
## ----------- ##

configure:2202: checking for a BSD-compatible install
configure:2270: result: /usr/bin/install -c
configure:2281: checking whether build environment is sane
configure:2331: result: yes
configure:2472: checking for a thread-safe mkdir -p
configure:2511: result: /bin/mkdir -p
configure:2524: checking for gawk
configure:2540: found /usr/bin/gawk
configure:2551: result: gawk
configure:2562: checking whether make sets $(MAKE)
configure:2584: result: yes
configure:2824: checking for gcc
configure:2840: found /usr/bin/gcc
configure:2851: result: gcc
configure:3080: checking for C compiler version
configure:3089: gcc --version >&5
gcc (Ubuntu/Linaro 4.5.2-8ubuntu4) 4.5.2
Copyright (C) 2010 Free Software Foundation, Inc.
This is free software; see the source for copying conditions.  There is NO
warranty; not even for MERCHANTABILITY or FITNESS FOR A PARTICULAR PURPOSE.

configure:3100: $? = 0
configure:3089: gcc -v >&5
Using built-in specs.
COLLECT_GCC=gcc
COLLECT_LTO_WRAPPER=/usr/lib/x86_64-linux-gnu/gcc/x86_64-linux-gnu/4.5.2/lto-wrapper
Target: x86_64-linux-gnu
Configured with: ../src/configure -v --with-pkgversion='Ubuntu/Linaro 4.5.2-8ubuntu4' --with-bugurl=file:///usr/share/doc/gcc-4.5/README.Bugs --enable-languages=c,c++,fortran,objc,obj-c++ --prefix=/usr --program-suffix=-4.5 --enable-shared --enable-multiarch --with-multiarch-defaults=x86_64-linux-gnu --enable-linker-build-id --with-system-zlib --libexecdir=/usr/lib/x86_64-linux-gnu --without-included-gettext --enable-threads=posix --with-gxx-include-dir=/usr/include/c++/4.5 --libdir=/usr/lib/x86_64-linux-gnu --enable-nls --with-sysroot=/ --enable-clocale=gnu --enable-libstdcxx-debug --enable-libstdcxx-time=yes --enable-plugin --enable-gold --enable-ld=default --with-plugin-ld=ld.gold --enable-objc-gc --disable-werror --with-arch-32=i686 --with-tune=generic --enable-checking=release --build=x86_64-linux-gnu --host=x86_64-linux-gnu --target=x86_64-linux-gnu
Thread model: posix
gcc version 4.5.2 (Ubuntu/Linaro 4.5.2-8ubuntu4) 
configure:3100: $? = 0
configure:3089: gcc -V >&5
gcc: '-V' option must have argument
configure:3100: $? = 1
configure:3089: gcc -qversion >&5
gcc: unrecognized option '-qversion'
gcc: no input files
configure:3100: $? = 1
configure:3120: checking whether the C compiler works
configure:3142: gcc    conftest.c  >&5
conftest.c:24:0: warning: "PACKAGE_BUGREPORT" redefined
conftest.c:6:0: note: this is the location of the previous definition
configure:3146: $? = 0
configure:3195: result: yes
configure:3198: checking for C compiler default output file name
configure:3200: result: a.out
configure:3206: checking for suffix of executables
configure:3213: gcc -o conftest    conftest.c  >&5
conftest.c:24:0: warning: "PACKAGE_BUGREPORT" redefined
conftest.c:6:0: note: this is the location of the previous definition
configure:3217: $? = 0
configure:3239: result: 
configure:3261: checking whether we are cross compiling
configure:3269: gcc -o conftest    conftest.c  >&5
conftest.c:24:0: warning: "PACKAGE_BUGREPORT" redefined
conftest.c:6:0: note: this is the location of the previous definition
configure:3273: $? = 0
configure:3280: ./conftest
configure:3284: $? = 0
configure:3299: result: no
configure:3304: checking for suffix of object files
configure:3326: gcc -c   conftest.c >&5
conftest.c:24:0: warning: "PACKAGE_BUGREPORT" redefined
conftest.c:6:0: note: this is the location of the previous definition
configure:3330: $? = 0
configure:3351: result: o
configure:3355: checking whether we are using the GNU C compiler
configure:3374: gcc -c   conftest.c >&5
conftest.c:24:0: warning: "PACKAGE_BUGREPORT" redefined
conftest.c:6:0: note: this is the location of the previous definition
configure:3374: $? = 0
configure:3383: result: yes
configure:3392: checking whether gcc accepts -g
configure:3412: gcc -c -g  conftest.c >&5
conftest.c:24:0: warning: "PACKAGE_BUGREPORT" redefined
conftest.c:6:0: note: this is the location of the previous definition
configure:3412: $? = 0
configure: failed program was:
| /* confdefs.h */
| #define PACKAGE_NAME "PHASEX"
| #define PACKAGE_TARNAME "phasex"
| #define PACKAGE_VERSION "dev-m2"
| #define PACKAGE_STRING "PHASEX dev-m2"
| #define PACKAGE_BUGREPORT ""
| #define PACKAGE_URL ""
| #define PACKAGE "phasex"
| #define VERSION "dev-m2"
| #define CONFIG_PREFIX "/usr"
| #define PACKAGE_DATA_DIR "/usr/share"
| #define PACKAGE_LOCALE_DIR "/usr/share/locale"
| #define PHASEX_LICENSE_FILE "/usr/share/doc/phasex-dev-m2/LICENSE"
| #define GPLv2_LICENSE_FILE "/usr/share/doc/phasex-dev-m2/GPL-v2.txt"
| #define PHASEX_DIR "/usr/share/phasex"
| #define PIXMAP_DIR "/usr/share/phasex/pixmaps"
| #define PATCH_DIR "/usr/share/phasex/sys-patches"
| #define MIDIMAP_DIR "/usr/share/phasex/sys-midimaps"
| #define SAMPLE_DIR "/usr/share/phasex/sys-samples"
| #define PARAM_HELPFILE "/usr/share/phasex/help/parameters.help"
| #define PHASEX_GTK_ENGINE_RC "/usr/share/phasex/gtkenginerc"
| #define GTKRC_DARK "/usr/share/themes/Phasex-Dark/gtk-2.0/gtkrc"
| #define GTKRC_LIGHT "/usr/share/themes/Phasex-Light/gtk-2.0/gtkrc"
| #define PACKAGE_BUGREPORT "assault64@gmail.com"
| /* end confdefs.h.  */
| 
| int
| main ()
| {
| 
|   ;
|   return 0;
| }
configure:3427: gcc -c   conftest.c >&5
conftest.c:24:0: warning: "PACKAGE_BUGREPORT" redefined
conftest.c:6:0: note: this is the location of the previous definition
configure:3427: $? = 0
configure: failed program was:
| /* confdefs.h */
| #define PACKAGE_NAME "PHASEX"
| #define PACKAGE_TARNAME "phasex"
| #define PACKAGE_VERSION "dev-m2"
| #define PACKAGE_STRING "PHASEX dev-m2"
| #define PACKAGE_BUGREPORT ""
| #define PACKAGE_URL ""
| #define PACKAGE "phasex"
| #define VERSION "dev-m2"
| #define CONFIG_PREFIX "/usr"
| #define PACKAGE_DATA_DIR "/usr/share"
| #define PACKAGE_LOCALE_DIR "/usr/share/locale"
| #define PHASEX_LICENSE_FILE "/usr/share/doc/phasex-dev-m2/LICENSE"
| #define GPLv2_LICENSE_FILE "/usr/share/doc/phasex-dev-m2/GPL-v2.txt"
| #define PHASEX_DIR "/usr/share/phasex"
| #define PIXMAP_DIR "/usr/share/phasex/pixmaps"
| #define PATCH_DIR "/usr/share/phasex/sys-patches"
| #define MIDIMAP_DIR "/usr/share/phasex/sys-midimaps"
| #define SAMPLE_DIR "/usr/share/phasex/sys-samples"
| #define PARAM_HELPFILE "/usr/share/phasex/help/parameters.help"
| #define PHASEX_GTK_ENGINE_RC "/usr/share/phasex/gtkenginerc"
| #define GTKRC_DARK "/usr/share/themes/Phasex-Dark/gtk-2.0/gtkrc"
| #define GTKRC_LIGHT "/usr/share/themes/Phasex-Light/gtk-2.0/gtkrc"
| #define PACKAGE_BUGREPORT "assault64@gmail.com"
| /* end confdefs.h.  */
| 
| int
| main ()
| {
| 
|   ;
|   return 0;
| }
configure:3443: gcc -c -g  conftest.c >&5
conftest.c:24:0: warning: "PACKAGE_BUGREPORT" redefined
conftest.c:6:0: note: this is the location of the previous definition
configure:3443: $? = 0
configure:3453: result: yes
configure:3470: checking for gcc option to accept ISO C89
configure:3534: gcc  -c -g -O2  conftest.c >&5
conftest.c:24:0: warning: "PACKAGE_BUGREPORT" redefined
conftest.c:6:0: note: this is the location of the previous definition
configure:3534: $? = 0
configure:3547: result: none needed
configure:3578: checking for style of include used by make
configure:3606: result: GNU
configure:3631: checking dependency style of gcc
configure:3741: result: gcc3
configure:3757: checking whether gcc and cc understand -c and -o together
configure:3788: gcc -c conftest.c -o conftest2.o >&5
conftest.c:24:0: warning: "PACKAGE_BUGREPORT" redefined
conftest.c:6:0: note: this is the location of the previous definition
configure:3792: $? = 0
configure:3798: gcc -c conftest.c -o conftest2.o >&5
conftest.c:24:0: warning: "PACKAGE_BUGREPORT" redefined
conftest.c:6:0: note: this is the location of the previous definition
configure:3802: $? = 0
configure:3813: cc -c conftest.c >&5
conftest.c:24:0: warning: "PACKAGE_BUGREPORT" redefined
conftest.c:6:0: note: this is the location of the previous definition
configure:3817: $? = 0
configure:3825: cc -c conftest.c -o conftest2.o >&5
conftest.c:24:0: warning: "PACKAGE_BUGREPORT" redefined
conftest.c:6:0: note: this is the location of the previous definition
configure:3829: $? = 0
configure:3835: cc -c conftest.c -o conftest2.o >&5
conftest.c:24:0: warning: "PACKAGE_BUGREPORT" redefined
conftest.c:6:0: note: this is the location of the previous definition
configure:3839: $? = 0
configure:3857: result: yes
configure:3892: checking how to run the C preprocessor
configure:3923: gcc -E  conftest.c
conftest.c:24:0: warning: "PACKAGE_BUGREPORT" redefined
conftest.c:6:0: note: this is the location of the previous definition
configure:3923: $? = 0
configure:3937: gcc -E  conftest.c
conftest.c:24:0: warning: "PACKAGE_BUGREPORT" redefined
conftest.c:6:0: note: this is the location of the previous definition
conftest.c:26:28: fatal error: ac_nonexistent.h: No such file or directory
compilation terminated.
configure:3937: $? = 1
configure: failed program was:
| /* confdefs.h */
| #define PACKAGE_NAME "PHASEX"
| #define PACKAGE_TARNAME "phasex"
| #define PACKAGE_VERSION "dev-m2"
| #define PACKAGE_STRING "PHASEX dev-m2"
| #define PACKAGE_BUGREPORT ""
| #define PACKAGE_URL ""
| #define PACKAGE "phasex"
| #define VERSION "dev-m2"
| #define CONFIG_PREFIX "/usr"
| #define PACKAGE_DATA_DIR "/usr/share"
| #define PACKAGE_LOCALE_DIR "/usr/share/locale"
| #define PHASEX_LICENSE_FILE "/usr/share/doc/phasex-dev-m2/LICENSE"
| #define GPLv2_LICENSE_FILE "/usr/share/doc/phasex-dev-m2/GPL-v2.txt"
| #define PHASEX_DIR "/usr/share/phasex"
| #define PIXMAP_DIR "/usr/share/phasex/pixmaps"
| #define PATCH_DIR "/usr/share/phasex/sys-patches"
| #define MIDIMAP_DIR "/usr/share/phasex/sys-midimaps"
| #define SAMPLE_DIR "/usr/share/phasex/sys-samples"
| #define PARAM_HELPFILE "/usr/share/phasex/help/parameters.help"
| #define PHASEX_GTK_ENGINE_RC "/usr/share/phasex/gtkenginerc"
| #define GTKRC_DARK "/usr/share/themes/Phasex-Dark/gtk-2.0/gtkrc"
| #define GTKRC_LIGHT "/usr/share/themes/Phasex-Light/gtk-2.0/gtkrc"
| #define PACKAGE_BUGREPORT "assault64@gmail.com"
| /* end confdefs.h.  */
| #include <ac_nonexistent.h>
configure:3962: result: gcc -E
configure:3982: gcc -E  conftest.c
conftest.c:24:0: warning: "PACKAGE_BUGREPORT" redefined
conftest.c:6:0: note: this is the location of the previous definition
configure:3982: $? = 0
configure:3996: gcc -E  conftest.c
conftest.c:24:0: warning: "PACKAGE_BUGREPORT" redefined
conftest.c:6:0: note: this is the location of the previous definition
conftest.c:26:28: fatal error: ac_nonexistent.h: No such file or directory
compilation terminated.
configure:3996: $? = 1
configure: failed program was:
| /* confdefs.h */
| #define PACKAGE_NAME "PHASEX"
| #define PACKAGE_TARNAME "phasex"
| #define PACKAGE_VERSION "dev-m2"
| #define PACKAGE_STRING "PHASEX dev-m2"
| #define PACKAGE_BUGREPORT ""
| #define PACKAGE_URL ""
| #define PACKAGE "phasex"
| #define VERSION "dev-m2"
| #define CONFIG_PREFIX "/usr"
| #define PACKAGE_DATA_DIR "/usr/share"
| #define PACKAGE_LOCALE_DIR "/usr/share/locale"
| #define PHASEX_LICENSE_FILE "/usr/share/doc/phasex-dev-m2/LICENSE"
| #define GPLv2_LICENSE_FILE "/usr/share/doc/phasex-dev-m2/GPL-v2.txt"
| #define PHASEX_DIR "/usr/share/phasex"
| #define PIXMAP_DIR "/usr/share/phasex/pixmaps"
| #define PATCH_DIR "/usr/share/phasex/sys-patches"
| #define MIDIMAP_DIR "/usr/share/phasex/sys-midimaps"
| #define SAMPLE_DIR "/usr/share/phasex/sys-samples"
| #define PARAM_HELPFILE "/usr/share/phasex/help/parameters.help"
| #define PHASEX_GTK_ENGINE_RC "/usr/share/phasex/gtkenginerc"
| #define GTKRC_DARK "/usr/share/themes/Phasex-Dark/gtk-2.0/gtkrc"
| #define GTKRC_LIGHT "/usr/share/themes/Phasex-Light/gtk-2.0/gtkrc"
| #define PACKAGE_BUGREPORT "assault64@gmail.com"
| /* end confdefs.h.  */
| #include <ac_nonexistent.h>
configure:4025: checking for grep that handles long lines and -e
configure:4083: result: /bin/grep
configure:4088: checking for egrep
configure:4150: result: /bin/grep -E
configure:4155: checking for ANSI C header files
configure:4175: gcc -c -g -O2  conftest.c >&5
conftest.c:24:0: warning: "PACKAGE_BUGREPORT" redefined
conftest.c:6:0: note: this is the location of the previous definition
configure:4175: $? = 0
conftest.c:24:0: warning: "PACKAGE_BUGREPORT" redefined
conftest.c:6:0: note: this is the location of the previous definition
conftest.c:24:0: warning: "PACKAGE_BUGREPORT" redefined
conftest.c:6:0: note: this is the location of the previous definition
configure:4248: gcc -o conftest -g -O2   conftest.c  >&5
conftest.c:24:0: warning: "PACKAGE_BUGREPORT" redefined
conftest.c:6:0: note: this is the location of the previous definition
configure:4248: $? = 0
configure:4248: ./conftest
configure:4248: $? = 0
configure:4259: result: yes
configure:4270: checking for an ANSI C-conforming const
configure:4335: gcc -c -g -O2  conftest.c >&5
conftest.c:24:0: warning: "PACKAGE_BUGREPORT" redefined
conftest.c:6:0: note: this is the location of the previous definition
configure:4335: $? = 0
configure:4342: result: yes
configure:4358: checking for sys/types.h
configure:4358: gcc -c -g -O2  conftest.c >&5
conftest.c:24:0: warning: "PACKAGE_BUGREPORT" redefined
conftest.c:6:0: note: this is the location of the previous definition
configure:4358: $? = 0
configure:4358: result: yes
configure:4358: checking for sys/stat.h
configure:4358: gcc -c -g -O2  conftest.c >&5
conftest.c:24:0: warning: "PACKAGE_BUGREPORT" redefined
conftest.c:6:0: note: this is the location of the previous definition
configure:4358: $? = 0
configure:4358: result: yes
configure:4358: checking for stdlib.h
configure:4358: gcc -c -g -O2  conftest.c >&5
conftest.c:24:0: warning: "PACKAGE_BUGREPORT" redefined
conftest.c:6:0: note: this is the location of the previous definition
configure:4358: $? = 0
configure:4358: result: yes
configure:4358: checking for string.h
configure:4358: gcc -c -g -O2  conftest.c >&5
conftest.c:24:0: warning: "PACKAGE_BUGREPORT" redefined
conftest.c:6:0: note: this is the location of the previous definition
configure:4358: $? = 0
configure:4358: result: yes
configure:4358: checking for memory.h
configure:4358: gcc -c -g -O2  conftest.c >&5
conftest.c:24:0: warning: "PACKAGE_BUGREPORT" redefined
conftest.c:6:0: note: this is the location of the previous definition
configure:4358: $? = 0
configure:4358: result: yes
configure:4358: checking for strings.h
configure:4358: gcc -c -g -O2  conftest.c >&5
conftest.c:24:0: warning: "PACKAGE_BUGREPORT" redefined
conftest.c:6:0: note: this is the location of the previous definition
configure:4358: $? = 0
configure:4358: result: yes
configure:4358: checking for inttypes.h
configure:4358: gcc -c -g -O2  conftest.c >&5
conftest.c:24:0: warning: "PACKAGE_BUGREPORT" redefined
conftest.c:6:0: note: this is the location of the previous definition
configure:4358: $? = 0
configure:4358: result: yes
configure:4358: checking for stdint.h
configure:4358: gcc -c -g -O2  conftest.c >&5
conftest.c:24:0: warning: "PACKAGE_BUGREPORT" redefined
conftest.c:6:0: note: this is the location of the previous definition
configure:4358: $? = 0
configure:4358: result: yes
configure:4358: checking for unistd.h
configure:4358: gcc -c -g -O2  conftest.c >&5
conftest.c:24:0: warning: "PACKAGE_BUGREPORT" redefined
conftest.c:6:0: note: this is the location of the previous definition
configure:4358: $? = 0
configure:4358: result: yes
configure:4373: checking for stdlib.h
configure:4373: result: yes
configure:4383: checking for GNU libc compatible malloc
configure:4407: gcc -o conftest -g -O2   conftest.c  >&5
conftest.c:24:0: warning: "PACKAGE_BUGREPORT" redefined
conftest.c:6:0: note: this is the location of the previous definition
configure:4407: $? = 0
configure:4407: ./conftest
configure:4407: $? = 0
configure:4417: result: yes
configure:4444: checking for sleep
configure:4444: gcc -o conftest -g -O2   conftest.c  >&5
conftest.c:24:0: warning: "PACKAGE_BUGREPORT" redefined
conftest.c:6:0: note: this is the location of the previous definition
configure:4444: $? = 0
configure:4444: result: yes
configure:4444: checking for usleep
configure:4444: gcc -o conftest -g -O2   conftest.c  >&5
conftest.c:24:0: warning: "PACKAGE_BUGREPORT" redefined
conftest.c:6:0: note: this is the location of the previous definition
configure:4444: $? = 0
configure:4444: result: yes
configure:4444: checking for poll
configure:4444: gcc -o conftest -g -O2   conftest.c  >&5
conftest.c:24:0: warning: "PACKAGE_BUGREPORT" redefined
conftest.c:6:0: note: this is the location of the previous definition
configure:4444: $? = 0
configure:4444: result: yes
configure:4444: checking for fopen
configure:4444: gcc -o conftest -g -O2   conftest.c  >&5
conftest.c:24:0: warning: "PACKAGE_BUGREPORT" redefined
conftest.c:6:0: note: this is the location of the previous definition
configure:4444: $? = 0
configure:4444: result: yes
configure:4444: checking for fgets
configure:4444: gcc -o conftest -g -O2   conftest.c  >&5
conftest.c:24:0: warning: "PACKAGE_BUGREPORT" redefined
conftest.c:6:0: note: this is the location of the previous definition
configure:4444: $? = 0
configure:4444: result: yes
configure:4444: checking for fread
configure:4444: gcc -o conftest -g -O2   conftest.c  >&5
conftest.c:24:0: warning: "PACKAGE_BUGREPORT" redefined
conftest.c:6:0: note: this is the location of the previous definition
configure:4444: $? = 0
configure:4444: result: yes
configure:4444: checking for fclose
configure:4444: gcc -o conftest -g -O2   conftest.c  >&5
conftest.c:24:0: warning: "PACKAGE_BUGREPORT" redefined
conftest.c:6:0: note: this is the location of the previous definition
configure:4444: $? = 0
configure:4444: result: yes
configure:4444: checking for fprintf
configure:4444: gcc -o conftest -g -O2   conftest.c  >&5
conftest.c:24:0: warning: "PACKAGE_BUGREPORT" redefined
conftest.c:6:0: note: this is the location of the previous definition
conftest.c:68:6: warning: conflicting types for built-in function 'fprintf'
configure:4444: $? = 0
configure:4444: result: yes
configure:4444: checking for snprintf
configure:4444: gcc -o conftest -g -O2   conftest.c  >&5
conftest.c:24:0: warning: "PACKAGE_BUGREPORT" redefined
conftest.c:6:0: note: this is the location of the previous definition
conftest.c:69:6: warning: conflicting types for built-in function 'snprintf'
configure:4444: $? = 0
configure:4444: result: yes
configure:4444: checking for strdup
configure:4444: gcc -o conftest -g -O2   conftest.c  >&5
conftest.c:24:0: warning: "PACKAGE_BUGREPORT" redefined
conftest.c:6:0: note: this is the location of the previous definition
conftest.c:70:6: warning: conflicting types for built-in function 'strdup'
configure:4444: $? = 0
configure:4444: result: yes
configure:4444: checking for strerror
configure:4444: gcc -o conftest -g -O2   conftest.c  >&5
conftest.c:24:0: warning: "PACKAGE_BUGREPORT" redefined
conftest.c:6:0: note: this is the location of the previous definition
configure:4444: $? = 0
configure:4444: result: yes
configure:4444: checking for strerror_r
configure:4444: gcc -o conftest -g -O2   conftest.c  >&5
conftest.c:24:0: warning: "PACKAGE_BUGREPORT" redefined
conftest.c:6:0: note: this is the location of the previous definition
configure:4444: $? = 0
configure:4444: result: yes
configure:4444: checking for strstr
configure:4444: gcc -o conftest -g -O2   conftest.c  >&5
conftest.c:24:0: warning: "PACKAGE_BUGREPORT" redefined
conftest.c:6:0: note: this is the location of the previous definition
conftest.c:73:6: warning: conflicting types for built-in function 'strstr'
configure:4444: $? = 0
configure:4444: result: yes
configure:4444: checking for strtok_r
configure:4444: gcc -o conftest -g -O2   conftest.c  >&5
conftest.c:24:0: warning: "PACKAGE_BUGREPORT" redefined
conftest.c:6:0: note: this is the location of the previous definition
configure:4444: $? = 0
configure:4444: result: yes
configure:4444: checking for strcmp
configure:4444: gcc -o conftest -g -O2   conftest.c  >&5
conftest.c:24:0: warning: "PACKAGE_BUGREPORT" redefined
conftest.c:6:0: note: this is the location of the previous definition
conftest.c:75:6: warning: conflicting types for built-in function 'strcmp'
configure:4444: $? = 0
configure:4444: result: yes
configure:4444: checking for strncmp
configure:4444: gcc -o conftest -g -O2   conftest.c  >&5
conftest.c:24:0: warning: "PACKAGE_BUGREPORT" redefined
conftest.c:6:0: note: this is the location of the previous definition
conftest.c:76:6: warning: conflicting types for built-in function 'strncmp'
configure:4444: $? = 0
configure:4444: result: yes
configure:4444: checking for strcasecmp
configure:4444: gcc -o conftest -g -O2   conftest.c  >&5
conftest.c:24:0: warning: "PACKAGE_BUGREPORT" redefined
conftest.c:6:0: note: this is the location of the previous definition
conftest.c:77:6: warning: conflicting types for built-in function 'strcasecmp'
configure:4444: $? = 0
configure:4444: result: yes
configure:4444: checking for atoi
configure:4444: gcc -o conftest -g -O2   conftest.c  >&5
conftest.c:24:0: warning: "PACKAGE_BUGREPORT" redefined
conftest.c:6:0: note: this is the location of the previous definition
configure:4444: $? = 0
configure:4444: result: yes
configure:4444: checking for atof
configure:4444: gcc -o conftest -g -O2   conftest.c  >&5
conftest.c:24:0: warning: "PACKAGE_BUGREPORT" redefined
conftest.c:6:0: note: this is the location of the previous definition
configure:4444: $? = 0
configure:4444: result: yes
configure:4444: checking for isdigit
configure:4444: gcc -o conftest -g -O2   conftest.c  >&5
conftest.c:24:0: warning: "PACKAGE_BUGREPORT" redefined
conftest.c:6:0: note: this is the location of the previous definition
conftest.c:80:6: warning: conflicting types for built-in function 'isdigit'
configure:4444: $? = 0
configure:4444: result: yes
configure:4444: checking for isupper
configure:4444: gcc -o conftest -g -O2   conftest.c  >&5
conftest.c:24:0: warning: "PACKAGE_BUGREPORT" redefined
conftest.c:6:0: note: this is the location of the previous definition
conftest.c:81:6: warning: conflicting types for built-in function 'isupper'
configure:4444: $? = 0
configure:4444: result: yes
configure:4444: checking for memset
configure:4444: gcc -o conftest -g -O2   conftest.c  >&5
conftest.c:24:0: warning: "PACKAGE_BUGREPORT" redefined
conftest.c:6:0: note: this is the location of the previous definition
conftest.c:82:6: warning: conflicting types for built-in function 'memset'
configure:4444: $? = 0
configure:4444: result: yes
configure:4444: checking for memcpy
configure:4444: gcc -o conftest -g -O2   conftest.c  >&5
conftest.c:24:0: warning: "PACKAGE_BUGREPORT" redefined
conftest.c:6:0: note: this is the location of the previous definition
conftest.c:83:6: warning: conflicting types for built-in function 'memcpy'
configure:4444: $? = 0
configure:4444: result: yes
configure:4455: checking for atan2f
configure:4455: gcc -o conftest -g -O2   conftest.c  >&5
conftest.c:24:0: warning: "PACKAGE_BUGREPORT" redefined
conftest.c:6:0: note: this is the location of the previous definition
conftest.c:84:6: warning: conflicting types for built-in function 'atan2f'
/tmp/ccBkqqGr.o: In function `main':
/home/ad/down/phasex-dev-300fc5e/conftest.c:95: undefined reference to `atan2f'
collect2: ld returned 1 exit status
configure:4455: $? = 1
configure: failed program was:
| /* confdefs.h */
| #define PACKAGE_NAME "PHASEX"
| #define PACKAGE_TARNAME "phasex"
| #define PACKAGE_VERSION "dev-m2"
| #define PACKAGE_STRING "PHASEX dev-m2"
| #define PACKAGE_BUGREPORT ""
| #define PACKAGE_URL ""
| #define PACKAGE "phasex"
| #define VERSION "dev-m2"
| #define CONFIG_PREFIX "/usr"
| #define PACKAGE_DATA_DIR "/usr/share"
| #define PACKAGE_LOCALE_DIR "/usr/share/locale"
| #define PHASEX_LICENSE_FILE "/usr/share/doc/phasex-dev-m2/LICENSE"
| #define GPLv2_LICENSE_FILE "/usr/share/doc/phasex-dev-m2/GPL-v2.txt"
| #define PHASEX_DIR "/usr/share/phasex"
| #define PIXMAP_DIR "/usr/share/phasex/pixmaps"
| #define PATCH_DIR "/usr/share/phasex/sys-patches"
| #define MIDIMAP_DIR "/usr/share/phasex/sys-midimaps"
| #define SAMPLE_DIR "/usr/share/phasex/sys-samples"
| #define PARAM_HELPFILE "/usr/share/phasex/help/parameters.help"
| #define PHASEX_GTK_ENGINE_RC "/usr/share/phasex/gtkenginerc"
| #define GTKRC_DARK "/usr/share/themes/Phasex-Dark/gtk-2.0/gtkrc"
| #define GTKRC_LIGHT "/usr/share/themes/Phasex-Light/gtk-2.0/gtkrc"
| #define PACKAGE_BUGREPORT "assault64@gmail.com"
| #define STDC_HEADERS 1
| #define HAVE_SYS_TYPES_H 1
| #define HAVE_SYS_STAT_H 1
| #define HAVE_STDLIB_H 1
| #define HAVE_STRING_H 1
| #define HAVE_MEMORY_H 1
| #define HAVE_STRINGS_H 1
| #define HAVE_INTTYPES_H 1
| #define HAVE_STDINT_H 1
| #define HAVE_UNISTD_H 1
| #define HAVE_STDLIB_H 1
| #define HAVE_MALLOC 1
| #define HAVE_SLEEP 1
| #define HAVE_USLEEP 1
| #define HAVE_POLL 1
| #define HAVE_FOPEN 1
| #define HAVE_FGETS 1
| #define HAVE_FREAD 1
| #define HAVE_FCLOSE 1
| #define HAVE_FPRINTF 1
| #define HAVE_SNPRINTF 1
| #define HAVE_STRDUP 1
| #define HAVE_STRERROR 1
| #define HAVE_STRERROR_R 1
| #define HAVE_STRSTR 1
| #define HAVE_STRTOK_R 1
| #define HAVE_STRCMP 1
| #define HAVE_STRNCMP 1
| #define HAVE_STRCASECMP 1
| #define HAVE_ATOI 1
| #define HAVE_ATOF 1
| #define HAVE_ISDIGIT 1
| #define HAVE_ISUPPER 1
| #define HAVE_MEMSET 1
| #define HAVE_MEMCPY 1
| /* end confdefs.h.  */
| /* Define atan2f to an innocuous variant, in case <limits.h> declares atan2f.
|    For example, HP-UX 11i <limits.h> declares gettimeofday.  */
| #define atan2f innocuous_atan2f
| 
| /* System header to define __stub macros and hopefully few prototypes,
|     which can conflict with char atan2f (); below.
|     Prefer <limits.h> to <assert.h> if __STDC__ is defined, since
|     <limits.h> exists even on freestanding compilers.  */
| 
| #ifdef __STDC__
| # include <limits.h>
| #else
| # include <assert.h>
| #endif
| 
| #undef atan2f
| 
| /* Override any GCC internal prototype to avoid an error.
|    Use char because int might match the return type of a GCC
|    builtin and then its argument prototype would still apply.  */
| #ifdef __cplusplus
| extern "C"
| #endif
| char atan2f ();
| /* The GNU C library defines this for functions which it implements
|     to always fail with ENOSYS.  Some functions are actually named
|     something starting with __ and the normal name is an alias.  */
| #if defined __stub_atan2f || defined __stub___atan2f
| choke me
| #endif
| 
| int
| main ()
| {
| return atan2f ();
|   ;
|   return 0;
| }
configure:4455: result: no
configure:4459: checking for atan2f in -lm
configure:4484: gcc -o conftest -g -O2   conftest.c -lm   >&5
conftest.c:24:0: warning: "PACKAGE_BUGREPORT" redefined
conftest.c:6:0: note: this is the location of the previous definition
conftest.c:68:6: warning: conflicting types for built-in function 'atan2f'
configure:4484: $? = 0
configure:4493: result: yes
configure:4506: checking for cosf
configure:4506: gcc -o conftest -g -O2   conftest.c -lm  >&5
conftest.c:24:0: warning: "PACKAGE_BUGREPORT" redefined
conftest.c:6:0: note: this is the location of the previous definition
conftest.c:85:6: warning: conflicting types for built-in function 'cosf'
configure:4506: $? = 0
configure:4506: result: yes
configure:4557: checking for exp
configure:4557: gcc -o conftest -g -O2   conftest.c -lm  >&5
conftest.c:24:0: warning: "PACKAGE_BUGREPORT" redefined
conftest.c:6:0: note: this is the location of the previous definition
conftest.c:85:6: warning: conflicting types for built-in function 'exp'
configure:4557: $? = 0
configure:4557: result: yes
configure:4608: checking for expf
configure:4608: gcc -o conftest -g -O2   conftest.c -lm  >&5
conftest.c:24:0: warning: "PACKAGE_BUGREPORT" redefined
conftest.c:6:0: note: this is the location of the previous definition
conftest.c:85:6: warning: conflicting types for built-in function 'expf'
configure:4608: $? = 0
configure:4608: result: yes
configure:4659: checking for fabs
configure:4659: gcc -o conftest -g -O2   conftest.c -lm  >&5
conftest.c:24:0: warning: "PACKAGE_BUGREPORT" redefined
conftest.c:6:0: note: this is the location of the previous definition
conftest.c:85:6: warning: conflicting types for built-in function 'fabs'
configure:4659: $? = 0
configure:4659: result: yes
configure:4710: checking for floor
configure:4710: gcc -o conftest -g -O2   conftest.c -lm  >&5
conftest.c:24:0: warning: "PACKAGE_BUGREPORT" redefined
conftest.c:6:0: note: this is the location of the previous definition
conftest.c:85:6: warning: conflicting types for built-in function 'floor'
configure:4710: $? = 0
configure:4710: result: yes
configure:4761: checking for log
configure:4761: gcc -o conftest -g -O2   conftest.c -lm  >&5
conftest.c:24:0: warning: "PACKAGE_BUGREPORT" redefined
conftest.c:6:0: note: this is the location of the previous definition
conftest.c:85:6: warning: conflicting types for built-in function 'log'
configure:4761: $? = 0
configure:4761: result: yes
configure:4812: checking for logf
configure:4812: gcc -o conftest -g -O2   conftest.c -lm  >&5
conftest.c:24:0: warning: "PACKAGE_BUGREPORT" redefined
conftest.c:6:0: note: this is the location of the previous definition
conftest.c:85:6: warning: conflicting types for built-in function 'logf'
configure:4812: $? = 0
configure:4812: result: yes
configure:4863: checking for pow
configure:4863: gcc -o conftest -g -O2   conftest.c -lm  >&5
conftest.c:24:0: warning: "PACKAGE_BUGREPORT" redefined
conftest.c:6:0: note: this is the location of the previous definition
conftest.c:85:6: warning: conflicting types for built-in function 'pow'
configure:4863: $? = 0
configure:4863: result: yes
configure:4914: checking for sin
configure:4914: gcc -o conftest -g -O2   conftest.c -lm  >&5
conftest.c:24:0: warning: "PACKAGE_BUGREPORT" redefined
conftest.c:6:0: note: this is the location of the previous definition
conftest.c:85:6: warning: conflicting types for built-in function 'sin'
configure:4914: $? = 0
configure:4914: result: yes
configure:4965: checking for sqrt
configure:4965: gcc -o conftest -g -O2   conftest.c -lm  >&5
conftest.c:24:0: warning: "PACKAGE_BUGREPORT" redefined
conftest.c:6:0: note: this is the location of the previous definition
conftest.c:85:6: warning: conflicting types for built-in function 'sqrt'
configure:4965: $? = 0
configure:4965: result: yes
configure:5017: checking for pthread_mutexattr_setprotocol in -lpthread
configure:5042: gcc -o conftest -g -O2   conftest.c -lpthread  -lm  >&5
conftest.c:24:0: warning: "PACKAGE_BUGREPORT" redefined
conftest.c:6:0: note: this is the location of the previous definition
configure:5042: $? = 0
configure:5051: result: yes
configure:5120: checking for pkg-config
configure:5138: found /usr/bin/pkg-config
configure:5150: result: /usr/bin/pkg-config
configure:5175: checking pkg-config is at least version 0.9.0
configure:5178: result: yes
configure:5189: checking for GTK
configure:5197: $PKG_CONFIG --exists --print-errors "gtk+-2.0 >= 2.4"
configure:5200: $? = 0
configure:5215: $PKG_CONFIG --exists --print-errors "gtk+-2.0 >= 2.4"
configure:5218: $? = 0
configure:5256: result: yes
configure:5265: checking for ALSA
configure:5273: $PKG_CONFIG --exists --print-errors "alsa >= 0.9.0"
configure:5276: $? = 0
configure:5291: $PKG_CONFIG --exists --print-errors "alsa >= 0.9.0"
configure:5294: $? = 0
configure:5332: result: yes
configure:5341: checking for JACK
configure:5349: $PKG_CONFIG --exists --print-errors "jack >= 0.99.0"
configure:5352: $? = 0
configure:5367: $PKG_CONFIG --exists --print-errors "jack >= 0.99.0"
configure:5370: $? = 0
configure:5408: result: yes
configure:5417: checking for SAMPLERATE
configure:5425: $PKG_CONFIG --exists --print-errors "samplerate >= 0.1.2"
configure:5428: $? = 0
configure:5443: $PKG_CONFIG --exists --print-errors "samplerate >= 0.1.2"
configure:5446: $? = 0
configure:5484: result: yes
configure:5504: checking for LASH
configure:5512: $PKG_CONFIG --exists --print-errors "lash-1.0 >= 0.5.4"
configure:5515: $? = 0
configure:5530: $PKG_CONFIG --exists --print-errors "lash-1.0 >= 0.5.4"
configure:5533: $? = 0
configure:5581: result: yes
configure:5592: checking for UUID
configure:5600: $PKG_CONFIG --exists --print-errors "uuid >= 2.16"
configure:5603: $? = 0
configure:5618: $PKG_CONFIG --exists --print-errors "uuid >= 2.16"
configure:5621: $? = 0
configure:5669: result: yes
configure:6129: creating ./config.status

## ---------------------- ##
## Running config.status. ##
## ---------------------- ##

This file was extended by PHASEX config.status dev-m2, which was
generated by GNU Autoconf 2.65.  Invocation command line was

  CONFIG_FILES    = 
  CONFIG_HEADERS  = 
  CONFIG_LINKS    = 
  CONFIG_COMMANDS = 
  $ ./config.status 

on m4

config.status:924: creating Makefile
config.status:924: creating src/Makefile
config.status:924: creating phasex.spec
config.status:924: creating config.h
config.status:1096: config.h is unchanged
config.status:1144: executing depfiles commands
configure:7470:
******************************************************************************
*
* Optimized for arch: ... core2 (64-bit)
* CPU power level: ...... 3 / 3
*
* CC: ................... gcc
* GCC version: .......... 4.5.2
*
* GTK binary version: ... 2.10.0
* GTK engine dir: ....... /usr/lib/gtk-2.0/2.10.0/engines
*
* CFLAGS: ............... ''
* PHASEX_CFLAGS: ........ '-g -pipe -Wall -Wcast-align -mtune=core2 -march=core2 -m64 -mssse3 -mfpmath=sse -O2 -ffast-math -g'
*
* CPPFLAGS: ............. ''
* PHASEX_CPPFLAGS: ...... '-I/usr/include/alsa     -pthread -I/usr/include/atk-1.0 -I/usr/include/pango-1.0 -I/usr/include/gio-unix-2.0/ -I/usr/include/glib-2.0 -I/usr/lib/x86_64-linux-gnu/glib-2.0/include -I/usr/include/freetype2 -I/usr/include/gtk-2.0 -I/usr/lib/gtk-2.0/include -I/usr/include/cairo -I/usr/include/gdk-pixbuf-2.0 -I/usr/include/pixman-1 -I/usr/include/libpng15     -D_GNU_SOURCE -D_REENTRANT -DPHASEX_CPU_POWER=3 -I/usr/include/lash-1.0   -I/usr/include/uuid  '
*
* LIBS: ................. ''
* PHASEX_LIBS: .......... '-lasound   -ljack   -pthread -L/usr/lib/x86_64-linux-gnu -lgtk-x11-2.0 -lgdk-x11-2.0 -latk-1.0 -lgio-2.0 -lpangoft2-1.0 -lpangocairo-1.0 -lgdk_pixbuf-2.0 -lm -lcairo -lpango-1.0 -lfreetype -lfontconfig -lgobject-2.0 -lgmodule-2.0 -lgthread-2.0 -lrt -lglib-2.0   -lsamplerate   -lm  -llash   -L/usr/lib/x86_64-linux-gnu -luuid   -lpthread -lX11'
*
* PHASEX is now configured!  Now run:
*   make
*   make install
*
******************************************************************************

## ---------------- ##
## Cache variables. ##
## ---------------- ##

ac_cv_c_compiler_gnu=yes
ac_cv_c_const=yes
ac_cv_env_ALSA_CFLAGS_set=
ac_cv_env_ALSA_CFLAGS_value=
ac_cv_env_ALSA_LIBS_set=
ac_cv_env_ALSA_LIBS_value=
ac_cv_env_CC_set=
ac_cv_env_CC_value=
ac_cv_env_CFLAGS_set=
ac_cv_env_CFLAGS_value=
ac_cv_env_CPPFLAGS_set=
ac_cv_env_CPPFLAGS_value=
ac_cv_env_CPP_set=
ac_cv_env_CPP_value=
ac_cv_env_GTK_CFLAGS_set=
ac_cv_env_GTK_CFLAGS_value=
ac_cv_env_GTK_LIBS_set=
ac_cv_env_GTK_LIBS_value=
ac_cv_env_JACK_CFLAGS_set=
ac_cv_env_JACK_CFLAGS_value=
ac_cv_env_JACK_LIBS_set=
ac_cv_env_JACK_LIBS_value=
ac_cv_env_LASH_CFLAGS_set=
ac_cv_env_LASH_CFLAGS_value=
ac_cv_env_LASH_LIBS_set=
ac_cv_env_LASH_LIBS_value=
ac_cv_env_LDFLAGS_set=
ac_cv_env_LDFLAGS_value=
ac_cv_env_LIBS_set=
ac_cv_env_LIBS_value=
ac_cv_env_PKG_CONFIG_set=
ac_cv_env_PKG_CONFIG_value=
ac_cv_env_SAMPLERATE_CFLAGS_set=
ac_cv_env_SAMPLERATE_CFLAGS_value=
ac_cv_env_SAMPLERATE_LIBS_set=
ac_cv_env_SAMPLERATE_LIBS_value=
ac_cv_env_UUID_CFLAGS_set=
ac_cv_env_UUID_CFLAGS_value=
ac_cv_env_UUID_LIBS_set=
ac_cv_env_UUID_LIBS_value=
ac_cv_env_build_alias_set=
ac_cv_env_build_alias_value=
ac_cv_env_host_alias_set=
ac_cv_env_host_alias_value=
ac_cv_env_target_alias_set=
ac_cv_env_target_alias_value=
ac_cv_func_atan2f=no
ac_cv_func_atof=yes
ac_cv_func_atoi=yes
ac_cv_func_cosf=yes
ac_cv_func_exp=yes
ac_cv_func_expf=yes
ac_cv_func_fabs=yes
ac_cv_func_fclose=yes
ac_cv_func_fgets=yes
ac_cv_func_floor=yes
ac_cv_func_fopen=yes
ac_cv_func_fprintf=yes
ac_cv_func_fread=yes
ac_cv_func_isdigit=yes
ac_cv_func_isupper=yes
ac_cv_func_log=yes
ac_cv_func_logf=yes
ac_cv_func_malloc_0_nonnull=yes
ac_cv_func_memcpy=yes
ac_cv_func_memset=yes
ac_cv_func_poll=yes
ac_cv_func_pow=yes
ac_cv_func_sin=yes
ac_cv_func_sleep=yes
ac_cv_func_snprintf=yes
ac_cv_func_sqrt=yes
ac_cv_func_strcasecmp=yes
ac_cv_func_strcmp=yes
ac_cv_func_strdup=yes
ac_cv_func_strerror=yes
ac_cv_func_strerror_r=yes
ac_cv_func_strncmp=yes
ac_cv_func_strstr=yes
ac_cv_func_strtok_r=yes
ac_cv_func_usleep=yes
ac_cv_header_inttypes_h=yes
ac_cv_header_memory_h=yes
ac_cv_header_stdc=yes
ac_cv_header_stdint_h=yes
ac_cv_header_stdlib_h=yes
ac_cv_header_string_h=yes
ac_cv_header_strings_h=yes
ac_cv_header_sys_stat_h=yes
ac_cv_header_sys_types_h=yes
ac_cv_header_unistd_h=yes
ac_cv_lib_m_atan2f=yes
ac_cv_lib_pthread_pthread_mutexattr_setprotocol=yes
ac_cv_objext=o
ac_cv_path_EGREP='/bin/grep -E'
ac_cv_path_GREP=/bin/grep
ac_cv_path_ac_pt_PKG_CONFIG=/usr/bin/pkg-config
ac_cv_path_install='/usr/bin/install -c'
ac_cv_path_mkdir=/bin/mkdir
ac_cv_prog_AWK=gawk
ac_cv_prog_CPP='gcc -E'
ac_cv_prog_ac_ct_CC=gcc
ac_cv_prog_cc_c89=
ac_cv_prog_cc_g=yes
ac_cv_prog_cc_gcc_c_o=yes
ac_cv_prog_make_make_set=yes
am_cv_CC_dependencies_compiler_type=gcc3
pkg_cv_ALSA_CFLAGS='-I/usr/include/alsa  '
pkg_cv_ALSA_LIBS='-lasound  '
pkg_cv_GTK_CFLAGS='-pthread -I/usr/include/atk-1.0 -I/usr/include/pango-1.0 -I/usr/include/gio-unix-2.0/ -I/usr/include/glib-2.0 -I/usr/lib/x86_64-linux-gnu/glib-2.0/include -I/usr/include/freetype2 -I/usr/include/gtk-2.0 -I/usr/lib/gtk-2.0/include -I/usr/include/cairo -I/usr/include/gdk-pixbuf-2.0 -I/usr/include/pixman-1 -I/usr/include/libpng15  '
pkg_cv_GTK_LIBS='-pthread -L/usr/lib/x86_64-linux-gnu -lgtk-x11-2.0 -lgdk-x11-2.0 -latk-1.0 -lgio-2.0 -lpangoft2-1.0 -lpangocairo-1.0 -lgdk_pixbuf-2.0 -lm -lcairo -lpango-1.0 -lfreetype -lfontconfig -lgobject-2.0 -lgmodule-2.0 -lgthread-2.0 -lrt -lglib-2.0  '
pkg_cv_JACK_CFLAGS=' '
pkg_cv_JACK_LIBS='-ljack  '
pkg_cv_LASH_CFLAGS='-I/usr/include/lash-1.0  '
pkg_cv_LASH_LIBS='-llash  '
pkg_cv_SAMPLERATE_CFLAGS=' '
pkg_cv_SAMPLERATE_LIBS='-lsamplerate  '
pkg_cv_UUID_CFLAGS='-I/usr/include/uuid  '
pkg_cv_UUID_LIBS='-L/usr/lib/x86_64-linux-gnu -luuid  '

## ----------------- ##
## Output variables. ##
## ----------------- ##

ACLOCAL='${SHELL} /home/ad/down/phasex-dev-300fc5e/missing --run aclocal-1.11'
ALSA_CFLAGS='-I/usr/include/alsa  '
ALSA_LIBS='-lasound  '
AMDEPBACKSLASH='\'
AMDEP_FALSE='#'
AMDEP_TRUE=''
AMTAR='${SHELL} /home/ad/down/phasex-dev-300fc5e/missing --run tar'
AUTOCONF='${SHELL} /home/ad/down/phasex-dev-300fc5e/missing --run autoconf'
AUTOHEADER='${SHELL} /home/ad/down/phasex-dev-300fc5e/missing --run autoheader'
AUTOMAKE='${SHELL} /home/ad/down/phasex-dev-300fc5e/missing --run automake-1.11'
AWK='gawk'
CC='gcc'
CCDEPMODE='depmode=gcc3'
CFLAGS=''
CPP='gcc -E'
CPPFLAGS=''
CYGPATH_W='echo'
DEFS='-DHAVE_CONFIG_H'
DEPDIR='.deps'
ECHO_C=''
ECHO_N='-n'
ECHO_T=''
EGREP='/bin/grep -E'
EXEEXT=''
GREP='/bin/grep'
GTK_CFLAGS='-pthread -I/usr/include/atk-1.0 -I/usr/include/pango-1.0 -I/usr/include/gio-unix-2.0/ -I/usr/include/glib-2.0 -I/usr/lib/x86_64-linux-gnu/glib-2.0/include -I/usr/include/freetype2 -I/usr/include/gtk-2.0 -I/usr/lib/gtk-2.0/include -I/usr/include/cairo -I/usr/include/gdk-pixbuf-2.0 -I/usr/include/pixman-1 -I/usr/include/libpng15  '
GTK_LIBS='-pthread -L/usr/lib/x86_64-linux-gnu -lgtk-x11-2.0 -lgdk-x11-2.0 -latk-1.0 -lgio-2.0 -lpangoft2-1.0 -lpangocairo-1.0 -lgdk_pixbuf-2.0 -lm -lcairo -lpango-1.0 -lfreetype -lfontconfig -lgobject-2.0 -lgmodule-2.0 -lgthread-2.0 -lrt -lglib-2.0  '
INSTALL_DATA='${INSTALL} -m 644'
INSTALL_PROGRAM='${INSTALL}'
INSTALL_SCRIPT='${INSTALL}'
INSTALL_STRIP_PROGRAM='$(install_sh) -c -s'
JACK_CFLAGS=' '
JACK_LIBS='-ljack  '
LASH_CFLAGS='-I/usr/include/lash-1.0  '
LASH_LIBS='-llash  '
LDFLAGS=''
LIBOBJS=''
LIBS=''
LTLIBOBJS=''
MAKEINFO='${SHELL} /home/ad/down/phasex-dev-300fc5e/missing --run makeinfo'
MKDIR_P='/bin/mkdir -p'
OBJEXT='o'
PACKAGE='phasex'
PACKAGE_BUGREPORT=''
PACKAGE_NAME='PHASEX'
PACKAGE_STRING='PHASEX dev-m2'
PACKAGE_TARNAME='phasex'
PACKAGE_URL=''
PACKAGE_VERSION='dev-m2'
PATH_SEPARATOR=':'
PHASEX_CFLAGS='-g -pipe -Wall -Wcast-align -mtune=core2 -march=core2 -m64 -mssse3 -mfpmath=sse -O2 -ffast-math -g'
PHASEX_CPPFLAGS='-I/usr/include/alsa     -pthread -I/usr/include/atk-1.0 -I/usr/include/pango-1.0 -I/usr/include/gio-unix-2.0/ -I/usr/include/glib-2.0 -I/usr/lib/x86_64-linux-gnu/glib-2.0/include -I/usr/include/freetype2 -I/usr/include/gtk-2.0 -I/usr/lib/gtk-2.0/include -I/usr/include/cairo -I/usr/include/gdk-pixbuf-2.0 -I/usr/include/pixman-1 -I/usr/include/libpng15     -D_GNU_SOURCE -D_REENTRANT -DPHASEX_CPU_POWER=3 -I/usr/include/lash-1.0   -I/usr/include/uuid  '
PHASEX_LIBS='-lasound   -ljack   -pthread -L/usr/lib/x86_64-linux-gnu -lgtk-x11-2.0 -lgdk-x11-2.0 -latk-1.0 -lgio-2.0 -lpangoft2-1.0 -lpangocairo-1.0 -lgdk_pixbuf-2.0 -lm -lcairo -lpango-1.0 -lfreetype -lfontconfig -lgobject-2.0 -lgmodule-2.0 -lgthread-2.0 -lrt -lglib-2.0   -lsamplerate   -lm  -llash   -L/usr/lib/x86_64-linux-gnu -luuid   -lpthread -lX11'
PKG_CONFIG='/usr/bin/pkg-config'
SAMPLERATE_CFLAGS=' '
SAMPLERATE_LIBS='-lsamplerate  '
SET_MAKE=''
SHELL='/bin/bash'
STRIP=''
UUID_CFLAGS='-I/usr/include/uuid  '
UUID_LIBS='-L/usr/lib/x86_64-linux-gnu -luuid  '
VERSION='dev-m2'
WITH_LASH_FALSE='#'
WITH_LASH_TRUE=''
ac_ct_CC='gcc'
ac_datadir='/usr/share'
ac_localedir='/usr/share/locale'
ac_prefix='/usr'
am__EXEEXT_FALSE=''
am__EXEEXT_TRUE='#'
am__fastdepCC_FALSE='#'
am__fastdepCC_TRUE=''
am__include='include'
am__isrc=''
am__leading_dot='.'
am__quote=''
am__tar='${AMTAR} chof - "$$tardir"'
am__untar='${AMTAR} xf -'
bindir='${exec_prefix}/bin'
build_alias=''
datadir='${datarootdir}'
datarootdir='${prefix}/share'
docdir='${datarootdir}/doc/${PACKAGE_TARNAME}'
dvidir='${docdir}'
exec_prefix='${prefix}'
host_alias=''
htmldir='${docdir}'
includedir='${prefix}/include'
infodir='${datarootdir}/info'
install_sh='${SHELL} /home/ad/down/phasex-dev-300fc5e/install-sh'
libdir='${exec_prefix}/lib'
libexecdir='${exec_prefix}/libexec'
localedir='${datarootdir}/locale'
localstatedir='${prefix}/var'
mandir='${datarootdir}/man'
mkdir_p='/bin/mkdir -p'
oldincludedir='/usr/include'
pdfdir='${docdir}'
prefix='/usr'
program_transform_name='s,x,x,'
psdir='${docdir}'
sbindir='${exec_prefix}/sbin'
sharedstatedir='${prefix}/com'
sysconfdir='${prefix}/etc'
target_alias=''

## ----------- ##
## confdefs.h. ##
## ----------- ##

/* confdefs.h */
#define PACKAGE_NAME "PHASEX"
#define PACKAGE_TARNAME "phasex"
#define PACKAGE_VERSION "dev-m2"
#define PACKAGE_STRING "PHASEX dev-m2"
#define PACKAGE_BUGREPORT ""
#define PACKAGE_URL ""
#define PACKAGE "phasex"
#define VERSION "dev-m2"
#define CONFIG_PREFIX "/usr"
#define PACKAGE_DATA_DIR "/usr/share"
#define PACKAGE_LOCALE_DIR "/usr/share/locale"
#define PHASEX_LICENSE_FILE "/usr/share/doc/phasex-dev-m2/LICENSE"
#define GPLv2_LICENSE_FILE "/usr/share/doc/phasex-dev-m2/GPL-v2.txt"
#define PHASEX_DIR "/usr/share/phasex"
#define PIXMAP_DIR "/usr/share/phasex/pixmaps"
#define PATCH_DIR "/usr/share/phasex/sys-patches"
#define MIDIMAP_DIR "/usr/share/phasex/sys-midimaps"
#define SAMPLE_DIR "/usr/share/phasex/sys-samples"
#define PARAM_HELPFILE "/usr/share/phasex/help/parameters.help"
#define PHASEX_GTK_ENGINE_RC "/usr/share/phasex/gtkenginerc"
#define GTKRC_DARK "/usr/share/themes/Phasex-Dark/gtk-2.0/gtkrc"
#define GTKRC_LIGHT "/usr/share/themes/Phasex-Light/gtk-2.0/gtkrc"
#define PACKAGE_BUGREPORT "assault64@gmail.com"
#define STDC_HEADERS 1
#define HAVE_SYS_TYPES_H 1
#define HAVE_SYS_STAT_H 1
#define HAVE_STDLIB_H 1
#define HAVE_STRING_H 1
#define HAVE_MEMORY_H 1
#define HAVE_STRINGS_H 1
#define HAVE_INTTYPES_H 1
#define HAVE_STDINT_H 1
#define HAVE_UNISTD_H 1
#define HAVE_STDLIB_H 1
#define HAVE_MALLOC 1
#define HAVE_SLEEP 1
#define HAVE_USLEEP 1
#define HAVE_POLL 1
#define HAVE_FOPEN 1
#define HAVE_FGETS 1
#define HAVE_FREAD 1
#define HAVE_FCLOSE 1
#define HAVE_FPRINTF 1
#define HAVE_SNPRINTF 1
#define HAVE_STRDUP 1
#define HAVE_STRERROR 1
#define HAVE_STRERROR_R 1
#define HAVE_STRSTR 1
#define HAVE_STRTOK_R 1
#define HAVE_STRCMP 1
#define HAVE_STRNCMP 1
#define HAVE_STRCASECMP 1
#define HAVE_ATOI 1
#define HAVE_ATOF 1
#define HAVE_ISDIGIT 1
#define HAVE_ISUPPER 1
#define HAVE_MEMSET 1
#define HAVE_MEMCPY 1
#define HAVE_LIBM 1
#define HAVE_PTHREAD_MUTEXATTR_SETPROTOCOL 1
#define GTK_ENGINE_DIR "/usr/lib/gtk-2.0/2.10.0/engines"

configure: exit 0
